{
"contracts\\Module01Base.sol":{"l":{"11":0,"16":0,"18":0,"21":0},"path":"C:\\Users\\ludov\\Desktop\\Martino\\ludo-headn\\head-simple-solidity\\contracts\\Module01Base.sol","s":{"1":0,"2":0},"b":{"1":[0,0]},"f":{"1":0,"2":0},"fnMap":{"1":{"name":"getMessage","line":10,"loc":{"start":{"line":10,"column":4},"end":{"line":12,"column":4}}},"2":{"name":"setMessage","line":14,"loc":{"start":{"line":14,"column":4},"end":{"line":23,"column":4}}}},"statementMap":{"1":{"start":{"line":11,"column":8},"end":{"line":11,"column":23}},"2":{"start":{"line":16,"column":8},"end":{"line":16,"column":425}}},"branchMap":{"1":{"line":16,"type":"if","locations":[{"start":{"line":16,"column":8},"end":{"line":16,"column":8}},{"start":{"line":16,"column":8},"end":{"line":16,"column":8}}]}}},
"contracts\\MyCryptoKitties.sol":{"l":{"11":0,"15":0,"19":0},"path":"C:\\Users\\ludov\\Desktop\\Martino\\ludo-headn\\head-simple-solidity\\contracts\\MyCryptoKitties.sol","s":{"1":0,"2":0,"3":0},"b":{"1":[0,0]},"f":{"1":0,"2":0,"3":0},"fnMap":{"1":{"name":"constructor","line":10,"loc":{"start":{"line":10,"column":4},"end":{"line":12,"column":4}}},"2":{"name":"supportsInterface","line":14,"loc":{"start":{"line":14,"column":4},"end":{"line":16,"column":4}}},"3":{"name":"_safeMint","line":18,"loc":{"start":{"line":18,"column":4},"end":{"line":20,"column":4}}}},"statementMap":{"1":{"start":{"line":11,"column":8},"end":{"line":11,"column":41}},"2":{"start":{"line":15,"column":8},"end":{"line":15,"column":51}},"3":{"start":{"line":19,"column":8},"end":{"line":19,"column":41}}},"branchMap":{"1":{"line":18,"type":"if","locations":[{"start":{"line":18,"column":89},"end":{"line":18,"column":89}},{"start":{"line":18,"column":89},"end":{"line":18,"column":89}}]}}},
"contracts\\SimpleERC1155.sol":{"l":{},"path":"C:\\Users\\ludov\\Desktop\\Martino\\ludo-headn\\head-simple-solidity\\contracts\\SimpleERC1155.sol","s":{},"b":{},"f":{"1":0},"fnMap":{"1":{"name":"constructor","line":11,"loc":{"start":{"line":9,"column":4},"end":{"line":12,"column":4}}}},"statementMap":{},"branchMap":{}},
"contracts\\SimpleERC20.sol":{"l":{"8":2,"12":0,"16":0},"path":"C:\\Users\\ludov\\Desktop\\Martino\\ludo-headn\\head-simple-solidity\\contracts\\SimpleERC20.sol","s":{"1":2,"2":0,"3":0},"b":{"1":[0,0]},"f":{"1":2,"2":0,"3":0},"fnMap":{"1":{"name":"constructor","line":7,"loc":{"start":{"line":7,"column":4},"end":{"line":9,"column":4}}},"2":{"name":"mintOwner","line":11,"loc":{"start":{"line":11,"column":4},"end":{"line":13,"column":4}}},"3":{"name":"mint","line":15,"loc":{"start":{"line":15,"column":4},"end":{"line":17,"column":4}}}},"statementMap":{"1":{"start":{"line":8,"column":8},"end":{"line":8,"column":52}},"2":{"start":{"line":12,"column":8},"end":{"line":12,"column":24}},"3":{"start":{"line":16,"column":8},"end":{"line":16,"column":24}}},"branchMap":{"1":{"line":11,"type":"if","locations":[{"start":{"line":11,"column":60},"end":{"line":11,"column":60}},{"start":{"line":11,"column":60},"end":{"line":11,"column":60}}]}}}}
