TN:
SF:C:\Users\ludov\Desktop\Martino\ludo-headn\head-simple-solidity\contracts\Module01Base.sol
FN:10,getMessage
FN:14,setMessage
FNF:2
FNH:0
FNDA:0,getMessage
FNDA:0,setMessage
DA:11,0
DA:16,0
DA:18,0
DA:21,0
LF:4
LH:0
BRDA:16,1,0,0
BRDA:16,1,1,0
BRF:2
BRH:0
end_of_record
TN:
SF:C:\Users\ludov\Desktop\Martino\ludo-headn\head-simple-solidity\contracts\MyCryptoKitties.sol
FN:10,constructor
FN:14,supportsInterface
FN:18,_safeMint
FNF:3
FNH:0
FNDA:0,constructor
FNDA:0,supportsInterface
FNDA:0,_safeMint
DA:11,0
DA:15,0
DA:19,0
LF:3
LH:0
BRDA:18,1,0,0
BRDA:18,1,1,0
BRF:2
BRH:0
end_of_record
TN:
SF:C:\Users\ludov\Desktop\Martino\ludo-headn\head-simple-solidity\contracts\SimpleERC1155.sol
FN:11,constructor
FNF:1
FNH:0
FNDA:0,constructor
LF:0
LH:0
BRF:0
BRH:0
end_of_record
TN:
SF:C:\Users\ludov\Desktop\Martino\ludo-headn\head-simple-solidity\contracts\SimpleERC20.sol
FN:7,constructor
FN:11,mintOwner
FN:15,mint
FNF:3
FNH:1
FNDA:2,constructor
FNDA:0,mintOwner
FNDA:0,mint
DA:8,2
DA:12,0
DA:16,0
LF:3
LH:1
BRDA:11,1,0,0
BRDA:11,1,1,0
BRF:2
BRH:0
end_of_record
